\BOOKMARK [1][-]{section.1}{Introduction}{}% 1
\BOOKMARK [2][-]{subsection.1.1}{Friedkin-Johsen Model and Opinion Formation Games}{section.1}% 2
\BOOKMARK [2][-]{subsection.1.2}{Opinion Formation Games with Random Payoffs}{section.1}% 3
\BOOKMARK [2][-]{subsection.1.3}{Our Results and Techniques}{section.1}% 4
\BOOKMARK [2][-]{subsection.1.4}{Related Work}{section.1}% 5
\BOOKMARK [1][-]{section.2}{Preliminaries}{}% 6
\BOOKMARK [2][-]{subsection.2.1}{Notation}{section.2}% 7
\BOOKMARK [2][-]{subsection.2.2}{Online Convex Optimization and No Regret Algorithms}{section.2}% 8
\BOOKMARK [2][-]{subsection.2.3}{Estimating Bernoulli distributions}{section.2}% 9
\BOOKMARK [1][-]{section.3}{Fictitious Play Convergence Rate}{}% 10
\BOOKMARK [1][-]{section.4}{Fictitious Play is no-regret}{}% 11
\BOOKMARK [1][-]{section.5}{Lower Bound}{}% 12
\BOOKMARK [1][-]{section.6}{Lower bound}{}% 13
\BOOKMARK [2][-]{subsection.6.1}{Estimating Bernoulli Distributions}{section.6}% 14
\BOOKMARK [2][-]{subsection.6.2}{Final Lower Bound}{section.6}% 15
\BOOKMARK [1][-]{section.7}{Lower bound: Graph Oblivious Protocols}{}% 16
\BOOKMARK [2][-]{subsection.7.1}{Our Results for Graph Oblivious}{section.7}% 17
\BOOKMARK [2][-]{subsection.7.2}{Our results for No regret}{section.7}% 18
\BOOKMARK [2][-]{subsection.7.3}{Estimating Bernoulli Distributions}{section.7}% 19
\BOOKMARK [2][-]{subsection.7.4}{Reductions form update rules to Bernoulli Estimators}{section.7}% 20
\BOOKMARK [1][-]{section.8}{A Graph Aware Protocol}{}% 21
